<?xml version="1.0" encoding="UTF-8"?>
<testsuite name="Test" tests="1" skipped="0" failures="0" errors="0" timestamp="2021-02-06T04:09:48" hostname="DESKTOP-AAG2RLD" time="0.137">
  <properties/>
  <testcase name="start" classname="Test" time="0.137"/>
  <system-out><![CDATA[?[1;31m
Start test 1?[0m
> /help

This program accepts a string of numbers and operations (+,-)
eg.  1 + 2 - 3

it accepts both unary and binary minus operator
eg. 1 - 3 + -1 

> 
> /exit
Bye!
?[1;31m
Start test 2?[0m
> 7 + 1 + 4
12
> 23 - 17 - 13
-7
> 33 + 21 + 11 + 49 - 32 - 9 + 1 - 80 + 4
-2
> 101
101
> -302
-302
> 
> 10 - 7 - 3
0
> 5 --- 2 ++++++ 4 -- 2 ---- 1
10
> /exit
Bye!
?[1;31m
Start test 3?[0m
> 123+
Invalid Expression
> 321-
Invalid Expression
> +7
7
> /exit
Bye!
?[1;31m
Start test 4?[0m
> abc
Invalid Expression
> one + two + three
Invalid Expression
> /go
Unknown Command
> /exit
Bye!
]]></system-out>
  <system-err><![CDATA[]]></system-err>
</testsuite>
